<?xml version="1.0" encoding="UTF-8"?>
<testng-results ignored="0" total="1" passed="1" failed="0" skipped="0">
  <reporter-output>
    <line>
      <![CDATA[Gift card added successfuuly]]>
    </line>
  </reporter-output>
  <suite started-at="2024-10-28T08:36:10 IST" name="Default suite" finished-at="2024-10-28T08:37:01 IST" duration-ms="50990">
    <groups>
    </groups>
    <test started-at="2024-10-28T08:36:10 IST" name="Default test" finished-at="2024-10-28T08:37:01 IST" duration-ms="50990">
      <class name="DWSTestCase.GiftCard_TC2">
        <test-method is-config="true" signature="preConditions()[pri:0, instance:DWSTestCase.GiftCard_TC2@6f03482]" started-at="2024-10-28T08:36:10 IST" name="preConditions" finished-at="2024-10-28T08:36:26 IST" duration-ms="15483" status="PASS">
          <reporter-output>
          </reporter-output>
        </test-method> <!-- preConditions -->
        <test-method is-config="true" signature="login()[pri:0, instance:DWSTestCase.GiftCard_TC2@6f03482]" started-at="2024-10-28T08:36:26 IST" name="login" finished-at="2024-10-28T08:36:31 IST" duration-ms="5073" status="PASS">
          <reporter-output>
          </reporter-output>
        </test-method> <!-- login -->
        <test-method signature="createConWithSupportSEDate()[pri:0, instance:DWSTestCase.GiftCard_TC2@6f03482]" started-at="2024-10-28T08:36:31 IST" name="createConWithSupportSEDate" finished-at="2024-10-28T08:36:56 IST" duration-ms="24611" status="PASS">
          <reporter-output>
            <line>
              <![CDATA[Gift card added successfuuly]]>
            </line>
          </reporter-output>
        </test-method> <!-- createConWithSupportSEDate -->
        <test-method is-config="true" signature="logout()[pri:0, instance:DWSTestCase.GiftCard_TC2@6f03482]" started-at="2024-10-28T08:36:56 IST" name="logout" finished-at="2024-10-28T08:37:01 IST" duration-ms="4859" status="PASS">
          <reporter-output>
          </reporter-output>
        </test-method> <!-- logout -->
        <test-method is-config="true" signature="postCondition()[pri:0, instance:DWSTestCase.GiftCard_TC2@6f03482]" started-at="2024-10-28T08:37:01 IST" name="postCondition" finished-at="2024-10-28T08:37:01 IST" duration-ms="307" status="PASS">
          <reporter-output>
          </reporter-output>
        </test-method> <!-- postCondition -->
      </class> <!-- DWSTestCase.GiftCard_TC2 -->
    </test> <!-- Default test -->
  </suite> <!-- Default suite -->
</testng-results>
